<?xml version="1.0" encoding="UTF-8"?>
<!-- Generated by org.testng.reporters.JUnitReportReporter -->
<testsuite hostname="Subits-MacBook-Air.local" failures="0" tests="1" name="testCase.TC001_AccountRegistrationTest" time="6.204" errors="0" timestamp="2024-08-28T18:13:16 IST" skipped="0">
  <testcase classname="testCase.TC001_AccountRegistrationTest" name="verifyAccountRegistration" time="6.204"/>
</testsuite> <!-- testCase.TC001_AccountRegistrationTest -->
