<?xml version="1.0" encoding="UTF-8"?>
<!-- Generated by org.testng.reporters.JUnitReportReporter -->
<testsuite hostname="Subits-MacBook-Air.local" failures="0" tests="1" name="testCase.TC005_Verify_AverageBuildduration_For_Each_ContractId_Valid_Input" time="1.766" errors="0" timestamp="2024-10-24T09:40:41 IST" skipped="0">
  <testcase classname="testCase.TC005_Verify_AverageBuildduration_For_Each_ContractId_Valid_Input" name="verifyDistinctCustIDMappedToContractID" time="1.766"/>
</testsuite> <!-- testCase.TC005_Verify_AverageBuildduration_For_Each_ContractId_Valid_Input -->
