<?xml version="1.0" encoding="UTF-8"?>
<!-- Generated by org.testng.reporters.JUnitReportReporter -->
<testsuite hostname="Subits-MacBook-Air.local" failures="0" tests="1" name="FirstTaskGoogleSiteOpen.FirstTestCase" time="9.587" errors="0" timestamp="2024-08-05T20:47:58 IST" skipped="0">
  <testcase classname="FirstTaskGoogleSiteOpen.FirstTestCase" name="buyTheProduct" time="9.587"/>
</testsuite> <!-- FirstTaskGoogleSiteOpen.FirstTestCase -->
