<?xml version="1.0" encoding="UTF-8"?>
<!-- Generated by org.testng.reporters.JUnitReportReporter -->
<testsuite hostname="Subits-MacBook-Air.local" failures="0" tests="1" name="construct_POJO_Utility.ReadData" time="0.011" errors="0" timestamp="2024-10-23T20:03:08 IST" skipped="0">
  <testcase classname="construct_POJO_Utility.ReadData" name="getDataFromSource" time="0.011"/>
</testsuite> <!-- construct_POJO_Utility.ReadData -->
