<?xml version="1.0" encoding="UTF-8"?>
<!-- Generated by org.testng.reporters.JUnitReportReporter -->
<testsuite hostname="Subits-MacBook-Air.local" failures="0" tests="1" name="construct_POJO_Utility.SetPayload" time="0.010" errors="0" timestamp="2024-10-23T19:04:49 IST" skipped="0">
  <testcase classname="construct_POJO_Utility.SetPayload" name="getcustomerId" time="0.010"/>
</testsuite> <!-- construct_POJO_Utility.SetPayload -->
