<?xml version="1.0" encoding="UTF-8"?>
<!-- Generated by org.testng.reporters.JUnitReportReporter -->
<testsuite hostname="Subits-MacBook-Air.local" failures="0" tests="1" name="testCase.TC002_VerifyCustomerData" time="1.670" errors="0" timestamp="2024-10-24T08:31:07 IST" skipped="0">
  <testcase classname="testCase.TC002_VerifyCustomerData" name="verifyTotalCustomerFields" time="1.670"/>
</testsuite> <!-- testCase.TC002_VerifyCustomerData -->
