<?xml version="1.0" encoding="UTF-8"?>
<!-- Generated by org.testng.reporters.JUnitReportReporter -->
<testsuite hostname="Subits-MacBook-Air.local" failures="0" tests="1" name="construct_POJO_Utility.CreatePayLoad" time="0.126" errors="0" timestamp="2024-10-23T23:23:21 IST" skipped="0">
  <testcase classname="construct_POJO_Utility.CreatePayLoad" name="createJsonCustomer" time="0.126"/>
</testsuite> <!-- construct_POJO_Utility.CreatePayLoad -->
