<?xml version="1.0" encoding="UTF-8"?>
<!-- Generated by org.testng.reporters.JUnitReportReporter -->
<testsuite hostname="Subits-MacBook-Air.local" failures="0" tests="1" name="testCase.TC003_Verify_unique_CustId_For_Each_ContractId_Valid_Input" time="1.940" errors="0" timestamp="2024-10-24T09:15:03 IST" skipped="0">
  <testcase classname="testCase.TC003_Verify_unique_CustId_For_Each_ContractId_Valid_Input" name="verifyDistinctCustIDMappedToContractID" time="1.940"/>
</testsuite> <!-- testCase.TC003_Verify_unique_CustId_For_Each_ContractId_Valid_Input -->
