<?xml version="1.0" encoding="UTF-8"?>
<!-- Generated by org.testng.reporters.JUnitReportReporter -->
<testsuite hostname="Subits-MacBook-Air.local" failures="0" tests="1" name="FirstTaskGoogleSiteOpen.FirstTestCase" time="11.615" errors="0" timestamp="2024-08-01T23:07:00 IST" skipped="0">
  <testcase classname="FirstTaskGoogleSiteOpen.FirstTestCase" name="getUrl" time="11.615"/>
</testsuite> <!-- FirstTaskGoogleSiteOpen.FirstTestCase -->
